#
# There is insufficient memory for the Java Runtime Environment to continue.
# Native memory allocation (malloc) failed to allocate 2416320 bytes. Error detail: Chunk::new
# Possible reasons:
#   The system is out of physical RAM or swap space
#   This process is running with CompressedOops enabled, and the Java Heap may be blocking the growth of the native heap
# Possible solutions:
#   Reduce memory load on the system
#   Increase physical memory or swap space
#   Check if swap backing store is full
#   Decrease Java heap size (-Xmx/-Xms)
#   Decrease number of Java threads
#   Decrease Java thread stack sizes (-Xss)
#   Set larger code cache with -XX:ReservedCodeCacheSize=
#   JVM is running with Unscaled Compressed Oops mode in which the Java heap is
#     placed in the first 4GB address space. The Java Heap base address is the
#     maximum limit for the native heap growth. Please use -XX:HeapBaseMinAddress
#     to set the Java Heap base and to place the Java Heap above 4GB virtual address.
# This output file may be truncated or incomplete.
#
#  Out of Memory Error (arena.cpp:168), pid=16608, tid=16704
#
# JRE version: OpenJDK Runtime Environment JBR-21.0.5+8-631.30-jcef (21.0.5+8) (build 21.0.5+8-b631.30)
# Java VM: OpenJDK 64-Bit Server VM JBR-21.0.5+8-631.30-jcef (21.0.5+8-b631.30, mixed mode, sharing, tiered, compressed oops, compressed class ptrs, g1 gc, windows-amd64)
# No core dump will be written. Minidumps are not enabled by default on client versions of Windows
#

---------------  S U M M A R Y ------------

Command Line: -Djava.rmi.server.hostname=127.0.0.1 -Duser.timezone=UTC -Xmx2048m -Xms128m -Djdbc.classpath=C:\Users\nesi\AppData\Local\Temp\RemoteDriver7.classpath.txt --add-exports=java.desktop/sun.awt=ALL-UNNAMED --add-exports=java.desktop/java.awt.peer=ALL-UNNAMED --add-opens=java.desktop/java.awt=ALL-UNNAMED --add-opens=jdk.unsupported/sun.misc=ALL-UNNAMED --add-opens=java.base/java.nio=ALL-UNNAMED --add-opens=java.base/java.util=ALL-UNNAMED -Dfile.encoding=UTF-8 -Dsun.stdout.encoding=UTF-8 -Dsun.stderr.encoding=UTF-8 com.intellij.database.remote.RemoteJdbcServer org.postgresql.Driver

Host: Intel(R) Core(TM) i3-1005G1 CPU @ 1.20GHz, 4 cores, 3G,  Windows 11 , 64 bit Build 26100 (10.0.26100.3912)
Time: Fri May 23 10:41:21 2025  Windows 11 , 64 bit Build 26100 (10.0.26100.3912) elapsed time: 9.468969 seconds (0d 0h 0m 9s)

---------------  T H R E A D  ---------------

Current thread (0x000001b4d1e32380):  JavaThread "C2 CompilerThread0" daemon [_thread_in_native, id=16704, stack(0x0000009dc7900000,0x0000009dc7a00000) (1024K)]


Current CompileTask:
C2:9469 2214   !   4       com.sun.crypto.provider.PBKDF2KeyImpl::deriveKey (302 bytes)

Stack: [0x0000009dc7900000,0x0000009dc7a00000]
Native frames: (J=compiled Java code, j=interpreted, Vv=VM code, C=native code)
V  [jvm.dll+0x6e52b9]
V  [jvm.dll+0x8c3633]
V  [jvm.dll+0x8c5b8e]
V  [jvm.dll+0x8c6273]
V  [jvm.dll+0x288f46]
V  [jvm.dll+0xc66dd]
V  [jvm.dll+0xc6c13]
V  [jvm.dll+0x3c456b]
V  [jvm.dll+0x1e63d2]
V  [jvm.dll+0x2508f4]
V  [jvm.dll+0x24fd71]
V  [jvm.dll+0x1cd6a4]
V  [jvm.dll+0x25f5dc]
V  [jvm.dll+0x25db26]
V  [jvm.dll+0x3ff5e6]
V  [jvm.dll+0x86b248]
V  [jvm.dll+0x6e3abd]
C  [ucrtbase.dll+0x37b0]
C  [KERNEL32.DLL+0x2e8d7]
C  [ntdll.dll+0x9c5dc]


---------------  P R O C E S S  ---------------

Threads class SMR info:
_java_thread_list=0x000001b517aa1360, length=22, elements={
0x000001b4b8024ee0, 0x000001b4d1e26940, 0x000001b4d1e28100, 0x000001b4d1e2b4f0,
0x000001b4d1e2c230, 0x000001b4d1e2cd70, 0x000001b4d1e31790, 0x000001b4d1e32380,
0x000001b4d1e5bdc0, 0x000001b517231da0, 0x000001b517232400, 0x000001b5174ce370,
0x000001b51765ba40, 0x000001b51765c0a0, 0x000001b51767b200, 0x000001b517696a60,
0x000001b5179d2970, 0x000001b5176b04d0, 0x000001b517698470, 0x000001b51769cc00,
0x000001b51769ab30, 0x000001b51769d920
}

Java Threads: ( => current thread )
  0x000001b4b8024ee0 JavaThread "main"                              [_thread_blocked, id=11668, stack(0x0000009dc6b00000,0x0000009dc6c00000) (1024K)]
  0x000001b4d1e26940 JavaThread "Reference Handler"          daemon [_thread_blocked, id=18876, stack(0x0000009dc7300000,0x0000009dc7400000) (1024K)]
  0x000001b4d1e28100 JavaThread "Finalizer"                  daemon [_thread_blocked, id=14788, stack(0x0000009dc7400000,0x0000009dc7500000) (1024K)]
  0x000001b4d1e2b4f0 JavaThread "Signal Dispatcher"          daemon [_thread_blocked, id=16216, stack(0x0000009dc7500000,0x0000009dc7600000) (1024K)]
  0x000001b4d1e2c230 JavaThread "Attach Listener"            daemon [_thread_blocked, id=10140, stack(0x0000009dc7600000,0x0000009dc7700000) (1024K)]
  0x000001b4d1e2cd70 JavaThread "Service Thread"             daemon [_thread_blocked, id=19268, stack(0x0000009dc7700000,0x0000009dc7800000) (1024K)]
  0x000001b4d1e31790 JavaThread "Monitor Deflation Thread"   daemon [_thread_blocked, id=7332, stack(0x0000009dc7800000,0x0000009dc7900000) (1024K)]
=>0x000001b4d1e32380 JavaThread "C2 CompilerThread0"         daemon [_thread_in_native, id=16704, stack(0x0000009dc7900000,0x0000009dc7a00000) (1024K)]
  0x000001b4d1e5bdc0 JavaThread "C1 CompilerThread0"         daemon [_thread_blocked, id=17524, stack(0x0000009dc7a00000,0x0000009dc7b00000) (1024K)]
  0x000001b517231da0 JavaThread "Common-Cleaner"             daemon [_thread_blocked, id=16832, stack(0x0000009dc7b00000,0x0000009dc7c00000) (1024K)]
  0x000001b517232400 JavaThread "Notification Thread"        daemon [_thread_blocked, id=17356, stack(0x0000009dc7c00000,0x0000009dc7d00000) (1024K)]
  0x000001b5174ce370 JavaThread "RMI TCP Accept-28088"       daemon [_thread_in_native, id=14956, stack(0x0000009dc8000000,0x0000009dc8100000) (1024K)]
  0x000001b51765ba40 JavaThread "RMI TCP Accept-0"           daemon [_thread_in_native, id=11852, stack(0x0000009dc8100000,0x0000009dc8200000) (1024K)]
  0x000001b51765c0a0 JavaThread "RMI Reaper"                        [_thread_blocked, id=15896, stack(0x0000009dc8200000,0x0000009dc8300000) (1024K)]
  0x000001b51767b200 JavaThread "RMI GC Daemon"              daemon [_thread_blocked, id=18088, stack(0x0000009dc8300000,0x0000009dc8400000) (1024K)]
  0x000001b517696a60 JavaThread "RMI TCP Connection(1)-127.0.0.1" daemon [_thread_in_native, id=17284, stack(0x0000009dc8400000,0x0000009dc8500000) (1024K)]
  0x000001b5179d2970 JavaThread "RMI TCP Connection(2)-127.0.0.1" daemon [_thread_in_native, id=14564, stack(0x0000009dc8500000,0x0000009dc8600000) (1024K)]
  0x000001b5176b04d0 JavaThread "RMI Scheduler(0)"           daemon [_thread_blocked, id=15244, stack(0x0000009dc8600000,0x0000009dc8700000) (1024K)]
  0x000001b517698470 JavaThread "RMI TCP Connection(3)-127.0.0.1" daemon [_thread_in_native, id=12912, stack(0x0000009dc8700000,0x0000009dc8800000) (1024K)]
  0x000001b51769cc00 JavaThread "RMI TCP Connection(4)-127.0.0.1" daemon [_thread_in_native, id=10524, stack(0x0000009dc8800000,0x0000009dc8900000) (1024K)]
  0x000001b51769ab30 JavaThread "RMI RenewClean-[127.0.0.1:59692]" daemon [_thread_blocked, id=17032, stack(0x0000009dc8900000,0x0000009dc8a00000) (1024K)]
  0x000001b51769d920 JavaThread "PostgreSQL-JDBC-Cleaner"    daemon [_thread_blocked, id=5404, stack(0x0000009dc8b00000,0x0000009dc8c00000) (1024K)]
Total: 22

Other Threads:
  0x000001b4d1e03f70 VMThread "VM Thread"                           [id=8232, stack(0x0000009dc7200000,0x0000009dc7300000) (1024K)]
  0x000001b4d1df3a70 WatcherThread "VM Periodic Task Thread"        [id=12004, stack(0x0000009dc7100000,0x0000009dc7200000) (1024K)]
  0x000001b4ba213c70 WorkerThread "GC Thread#0"                     [id=15564, stack(0x0000009dc6c00000,0x0000009dc6d00000) (1024K)]
  0x000001b5174dc570 WorkerThread "GC Thread#1"                     [id=12768, stack(0x0000009dc7d00000,0x0000009dc7e00000) (1024K)]
  0x000001b5174dc910 WorkerThread "GC Thread#2"                     [id=5012, stack(0x0000009dc7e00000,0x0000009dc7f00000) (1024K)]
  0x000001b51765b0f0 WorkerThread "GC Thread#3"                     [id=15704, stack(0x0000009dc7f00000,0x0000009dc8000000) (1024K)]
  0x000001b4ba224c50 ConcurrentGCThread "G1 Main Marker"            [id=4016, stack(0x0000009dc6d00000,0x0000009dc6e00000) (1024K)]
  0x000001b4ba225750 WorkerThread "G1 Conc#0"                       [id=5400, stack(0x0000009dc6e00000,0x0000009dc6f00000) (1024K)]
  0x000001b4d1cb3b40 ConcurrentGCThread "G1 Refine#0"               [id=16864, stack(0x0000009dc6f00000,0x0000009dc7000000) (1024K)]
  0x000001b4d1cb5530 ConcurrentGCThread "G1 Service"                [id=7084, stack(0x0000009dc7000000,0x0000009dc7100000) (1024K)]
Total: 10

Threads with active compile tasks:
C2 CompilerThread0  9512 2214   !   4       com.sun.crypto.provider.PBKDF2KeyImpl::deriveKey (302 bytes)
Total: 1

VM state: not at safepoint (normal execution)

VM Mutex/Monitor currently owned by a thread: None

Heap address: 0x0000000080000000, size: 2048 MB, Compressed Oops mode: 32-bit

CDS archive(s) mapped at: [0x000001b4d2000000-0x000001b4d2d00000-0x000001b4d2d00000), size 13631488, SharedBaseAddress: 0x000001b4d2000000, ArchiveRelocationMode: 1.
Compressed class space mapped at: 0x000001b4d3000000-0x000001b513000000, reserved size: 1073741824
Narrow klass base: 0x000001b4d2000000, Narrow klass shift: 0, Narrow klass range: 0x100000000

GC Precious Log:
 CardTable entry size: 512
 Card Set container configuration: InlinePtr #cards 5 size 8 Array Of Cards #cards 12 size 40 Howl #buckets 4 coarsen threshold 1843 Howl Bitmap #cards 512 size 80 coarsen threshold 460 Card regions per heap region 1 cards per card region 2048
 CPUs: 4 total, 4 available
 Memory: 3838M
 Large Page Support: Disabled
 NUMA Support: Disabled
 Compressed Oops: Enabled (32-bit)
 Heap Region Size: 1M
 Heap Min Capacity: 128M
 Heap Initial Capacity: 128M
 Heap Max Capacity: 2G
 Pre-touch: Disabled
 Parallel Workers: 4
 Concurrent Workers: 1
 Concurrent Refinement Workers: 4
 Periodic GC: Disabled

Heap:
 garbage-first heap   total 131072K, used 22087K [0x0000000080000000, 0x0000000100000000)
  region size 1024K, 15 young (15360K), 2 survivors (2048K)
 Metaspace       used 12924K, committed 13440K, reserved 1114112K
  class space    used 1504K, committed 1728K, reserved 1048576K

Heap Regions: E=young(eden), S=young(survivor), O=old, HS=humongous(starts), HC=humongous(continues), CS=collection set, F=free, TAMS=top-at-mark-start, PB=parsable bottom
|   0|0x0000000080000000, 0x0000000080100000, 0x0000000080100000|100%|HS|  |TAMS 0x0000000080000000| PB 0x0000000080000000| Complete 
|   1|0x0000000080100000, 0x0000000080200000, 0x0000000080200000|100%|HC|  |TAMS 0x0000000080100000| PB 0x0000000080100000| Complete 
|   2|0x0000000080200000, 0x0000000080300000, 0x0000000080300000|100%|HS|  |TAMS 0x0000000080200000| PB 0x0000000080200000| Complete 
|   3|0x0000000080300000, 0x0000000080400000, 0x0000000080400000|100%|HS|  |TAMS 0x0000000080300000| PB 0x0000000080300000| Complete 
|   4|0x0000000080400000, 0x0000000080500000, 0x0000000080500000|100%| O|  |TAMS 0x0000000080400000| PB 0x0000000080400000| Untracked 
|   5|0x0000000080500000, 0x0000000080600000, 0x0000000080600000|100%| O|  |TAMS 0x0000000080500000| PB 0x0000000080500000| Untracked 
|   6|0x0000000080600000, 0x0000000080700000, 0x0000000080700000|100%| O|  |TAMS 0x0000000080600000| PB 0x0000000080600000| Untracked 
|   7|0x0000000080700000, 0x0000000080800000, 0x0000000080800000|100%| O|  |TAMS 0x0000000080700000| PB 0x0000000080700000| Untracked 
|   8|0x0000000080800000, 0x0000000080891ea8, 0x0000000080900000| 56%| O|  |TAMS 0x0000000080800000| PB 0x0000000080800000| Untracked 
|   9|0x0000000080900000, 0x0000000080900000, 0x0000000080a00000|  0%| F|  |TAMS 0x0000000080900000| PB 0x0000000080900000| Untracked 
|  10|0x0000000080a00000, 0x0000000080a00000, 0x0000000080b00000|  0%| F|  |TAMS 0x0000000080a00000| PB 0x0000000080a00000| Untracked 
|  11|0x0000000080b00000, 0x0000000080b00000, 0x0000000080c00000|  0%| F|  |TAMS 0x0000000080b00000| PB 0x0000000080b00000| Untracked 
|  12|0x0000000080c00000, 0x0000000080c00000, 0x0000000080d00000|  0%| F|  |TAMS 0x0000000080c00000| PB 0x0000000080c00000| Untracked 
|  13|0x0000000080d00000, 0x0000000080d00000, 0x0000000080e00000|  0%| F|  |TAMS 0x0000000080d00000| PB 0x0000000080d00000| Untracked 
|  14|0x0000000080e00000, 0x0000000080e00000, 0x0000000080f00000|  0%| F|  |TAMS 0x0000000080e00000| PB 0x0000000080e00000| Untracked 
|  15|0x0000000080f00000, 0x0000000080f00000, 0x0000000081000000|  0%| F|  |TAMS 0x0000000080f00000| PB 0x0000000080f00000| Untracked 
|  16|0x0000000081000000, 0x0000000081000000, 0x0000000081100000|  0%| F|  |TAMS 0x0000000081000000| PB 0x0000000081000000| Untracked 
|  17|0x0000000081100000, 0x0000000081100000, 0x0000000081200000|  0%| F|  |TAMS 0x0000000081100000| PB 0x0000000081100000| Untracked 
|  18|0x0000000081200000, 0x0000000081200000, 0x0000000081300000|  0%| F|  |TAMS 0x0000000081200000| PB 0x0000000081200000| Untracked 
|  19|0x0000000081300000, 0x0000000081300000, 0x0000000081400000|  0%| F|  |TAMS 0x0000000081300000| PB 0x0000000081300000| Untracked 
|  20|0x0000000081400000, 0x0000000081400000, 0x0000000081500000|  0%| F|  |TAMS 0x0000000081400000| PB 0x0000000081400000| Untracked 
|  21|0x0000000081500000, 0x0000000081500000, 0x0000000081600000|  0%| F|  |TAMS 0x0000000081500000| PB 0x0000000081500000| Untracked 
|  22|0x0000000081600000, 0x0000000081600000, 0x0000000081700000|  0%| F|  |TAMS 0x0000000081600000| PB 0x0000000081600000| Untracked 
|  23|0x0000000081700000, 0x0000000081700000, 0x0000000081800000|  0%| F|  |TAMS 0x0000000081700000| PB 0x0000000081700000| Untracked 
|  24|0x0000000081800000, 0x0000000081800000, 0x0000000081900000|  0%| F|  |TAMS 0x0000000081800000| PB 0x0000000081800000| Untracked 
|  25|0x0000000081900000, 0x0000000081900000, 0x0000000081a00000|  0%| F|  |TAMS 0x0000000081900000| PB 0x0000000081900000| Untracked 
|  26|0x0000000081a00000, 0x0000000081a00000, 0x0000000081b00000|  0%| F|  |TAMS 0x0000000081a00000| PB 0x0000000081a00000| Untracked 
|  27|0x0000000081b00000, 0x0000000081b00000, 0x0000000081c00000|  0%| F|  |TAMS 0x0000000081b00000| PB 0x0000000081b00000| Untracked 
|  28|0x0000000081c00000, 0x0000000081c00000, 0x0000000081d00000|  0%| F|  |TAMS 0x0000000081c00000| PB 0x0000000081c00000| Untracked 
|  29|0x0000000081d00000, 0x0000000081d00000, 0x0000000081e00000|  0%| F|  |TAMS 0x0000000081d00000| PB 0x0000000081d00000| Untracked 
|  30|0x0000000081e00000, 0x0000000081e00000, 0x0000000081f00000|  0%| F|  |TAMS 0x0000000081e00000| PB 0x0000000081e00000| Untracked 
|  31|0x0000000081f00000, 0x0000000081f00000, 0x0000000082000000|  0%| F|  |TAMS 0x0000000081f00000| PB 0x0000000081f00000| Untracked 
|  32|0x0000000082000000, 0x0000000082000000, 0x0000000082100000|  0%| F|  |TAMS 0x0000000082000000| PB 0x0000000082000000| Untracked 
|  33|0x0000000082100000, 0x0000000082100000, 0x0000000082200000|  0%| F|  |TAMS 0x0000000082100000| PB 0x0000000082100000| Untracked 
|  34|0x0000000082200000, 0x0000000082200000, 0x0000000082300000|  0%| F|  |TAMS 0x0000000082200000| PB 0x0000000082200000| Untracked 
|  35|0x0000000082300000, 0x0000000082300000, 0x0000000082400000|  0%| F|  |TAMS 0x0000000082300000| PB 0x0000000082300000| Untracked 
|  36|0x0000000082400000, 0x0000000082400000, 0x0000000082500000|  0%| F|  |TAMS 0x0000000082400000| PB 0x0000000082400000| Untracked 
|  37|0x0000000082500000, 0x0000000082500000, 0x0000000082600000|  0%| F|  |TAMS 0x0000000082500000| PB 0x0000000082500000| Untracked 
|  38|0x0000000082600000, 0x0000000082600000, 0x0000000082700000|  0%| F|  |TAMS 0x0000000082600000| PB 0x0000000082600000| Untracked 
|  39|0x0000000082700000, 0x0000000082700000, 0x0000000082800000|  0%| F|  |TAMS 0x0000000082700000| PB 0x0000000082700000| Untracked 
|  40|0x0000000082800000, 0x0000000082800000, 0x0000000082900000|  0%| F|  |TAMS 0x0000000082800000| PB 0x0000000082800000| Untracked 
|  41|0x0000000082900000, 0x0000000082900000, 0x0000000082a00000|  0%| F|  |TAMS 0x0000000082900000| PB 0x0000000082900000| Untracked 
|  42|0x0000000082a00000, 0x0000000082a00000, 0x0000000082b00000|  0%| F|  |TAMS 0x0000000082a00000| PB 0x0000000082a00000| Untracked 
|  43|0x0000000082b00000, 0x0000000082b00000, 0x0000000082c00000|  0%| F|  |TAMS 0x0000000082b00000| PB 0x0000000082b00000| Untracked 
|  44|0x0000000082c00000, 0x0000000082c00000, 0x0000000082d00000|  0%| F|  |TAMS 0x0000000082c00000| PB 0x0000000082c00000| Untracked 
|  45|0x0000000082d00000, 0x0000000082d00000, 0x0000000082e00000|  0%| F|  |TAMS 0x0000000082d00000| PB 0x0000000082d00000| Untracked 
|  46|0x0000000082e00000, 0x0000000082e00000, 0x0000000082f00000|  0%| F|  |TAMS 0x0000000082e00000| PB 0x0000000082e00000| Untracked 
|  47|0x0000000082f00000, 0x0000000082f00000, 0x0000000083000000|  0%| F|  |TAMS 0x0000000082f00000| PB 0x0000000082f00000| Untracked 
|  48|0x0000000083000000, 0x0000000083000000, 0x0000000083100000|  0%| F|  |TAMS 0x0000000083000000| PB 0x0000000083000000| Untracked 
|  49|0x0000000083100000, 0x0000000083100000, 0x0000000083200000|  0%| F|  |TAMS 0x0000000083100000| PB 0x0000000083100000| Untracked 
|  50|0x0000000083200000, 0x0000000083200000, 0x0000000083300000|  0%| F|  |TAMS 0x0000000083200000| PB 0x0000000083200000| Untracked 
|  51|0x0000000083300000, 0x0000000083300000, 0x0000000083400000|  0%| F|  |TAMS 0x0000000083300000| PB 0x0000000083300000| Untracked 
|  52|0x0000000083400000, 0x0000000083400000, 0x0000000083500000|  0%| F|  |TAMS 0x0000000083400000| PB 0x0000000083400000| Untracked 
|  53|0x0000000083500000, 0x0000000083500000, 0x0000000083600000|  0%| F|  |TAMS 0x0000000083500000| PB 0x0000000083500000| Untracked 
|  54|0x0000000083600000, 0x0000000083600000, 0x0000000083700000|  0%| F|  |TAMS 0x0000000083600000| PB 0x0000000083600000| Untracked 
|  55|0x0000000083700000, 0x0000000083700000, 0x0000000083800000|  0%| F|  |TAMS 0x0000000083700000| PB 0x0000000083700000| Untracked 
|  56|0x0000000083800000, 0x0000000083800000, 0x0000000083900000|  0%| F|  |TAMS 0x0000000083800000| PB 0x0000000083800000| Untracked 
|  57|0x0000000083900000, 0x0000000083900000, 0x0000000083a00000|  0%| F|  |TAMS 0x0000000083900000| PB 0x0000000083900000| Untracked 
|  58|0x0000000083a00000, 0x0000000083a00000, 0x0000000083b00000|  0%| F|  |TAMS 0x0000000083a00000| PB 0x0000000083a00000| Untracked 
|  59|0x0000000083b00000, 0x0000000083b00000, 0x0000000083c00000|  0%| F|  |TAMS 0x0000000083b00000| PB 0x0000000083b00000| Untracked 
|  60|0x0000000083c00000, 0x0000000083c00000, 0x0000000083d00000|  0%| F|  |TAMS 0x0000000083c00000| PB 0x0000000083c00000| Untracked 
|  61|0x0000000083d00000, 0x0000000083d00000, 0x0000000083e00000|  0%| F|  |TAMS 0x0000000083d00000| PB 0x0000000083d00000| Untracked 
|  62|0x0000000083e00000, 0x0000000083e00000, 0x0000000083f00000|  0%| F|  |TAMS 0x0000000083e00000| PB 0x0000000083e00000| Untracked 
|  63|0x0000000083f00000, 0x0000000083f00000, 0x0000000084000000|  0%| F|  |TAMS 0x0000000083f00000| PB 0x0000000083f00000| Untracked 
|  64|0x0000000084000000, 0x0000000084000000, 0x0000000084100000|  0%| F|  |TAMS 0x0000000084000000| PB 0x0000000084000000| Untracked 
|  65|0x0000000084100000, 0x0000000084100000, 0x0000000084200000|  0%| F|  |TAMS 0x0000000084100000| PB 0x0000000084100000| Untracked 
|  66|0x0000000084200000, 0x0000000084200000, 0x0000000084300000|  0%| F|  |TAMS 0x0000000084200000| PB 0x0000000084200000| Untracked 
|  67|0x0000000084300000, 0x0000000084300000, 0x0000000084400000|  0%| F|  |TAMS 0x0000000084300000| PB 0x0000000084300000| Untracked 
|  68|0x0000000084400000, 0x0000000084400000, 0x0000000084500000|  0%| F|  |TAMS 0x0000000084400000| PB 0x0000000084400000| Untracked 
|  69|0x0000000084500000, 0x0000000084500000, 0x0000000084600000|  0%| F|  |TAMS 0x0000000084500000| PB 0x0000000084500000| Untracked 
|  70|0x0000000084600000, 0x0000000084600000, 0x0000000084700000|  0%| F|  |TAMS 0x0000000084600000| PB 0x0000000084600000| Untracked 
|  71|0x0000000084700000, 0x0000000084700000, 0x0000000084800000|  0%| F|  |TAMS 0x0000000084700000| PB 0x0000000084700000| Untracked 
|  72|0x0000000084800000, 0x0000000084800000, 0x0000000084900000|  0%| F|  |TAMS 0x0000000084800000| PB 0x0000000084800000| Untracked 
|  73|0x0000000084900000, 0x0000000084900000, 0x0000000084a00000|  0%| F|  |TAMS 0x0000000084900000| PB 0x0000000084900000| Untracked 
|  74|0x0000000084a00000, 0x0000000084a00000, 0x0000000084b00000|  0%| F|  |TAMS 0x0000000084a00000| PB 0x0000000084a00000| Untracked 
|  75|0x0000000084b00000, 0x0000000084b00000, 0x0000000084c00000|  0%| F|  |TAMS 0x0000000084b00000| PB 0x0000000084b00000| Untracked 
|  76|0x0000000084c00000, 0x0000000084c00000, 0x0000000084d00000|  0%| F|  |TAMS 0x0000000084c00000| PB 0x0000000084c00000| Untracked 
|  77|0x0000000084d00000, 0x0000000084d00000, 0x0000000084e00000|  0%| F|  |TAMS 0x0000000084d00000| PB 0x0000000084d00000| Untracked 
|  78|0x0000000084e00000, 0x0000000084e00000, 0x0000000084f00000|  0%| F|  |TAMS 0x0000000084e00000| PB 0x0000000084e00000| Untracked 
|  79|0x0000000084f00000, 0x0000000084f00000, 0x0000000085000000|  0%| F|  |TAMS 0x0000000084f00000| PB 0x0000000084f00000| Untracked 
|  80|0x0000000085000000, 0x0000000085000000, 0x0000000085100000|  0%| F|  |TAMS 0x0000000085000000| PB 0x0000000085000000| Untracked 
|  81|0x0000000085100000, 0x0000000085100000, 0x0000000085200000|  0%| F|  |TAMS 0x0000000085100000| PB 0x0000000085100000| Untracked 
|  82|0x0000000085200000, 0x0000000085200000, 0x0000000085300000|  0%| F|  |TAMS 0x0000000085200000| PB 0x0000000085200000| Untracked 
|  83|0x0000000085300000, 0x0000000085300000, 0x0000000085400000|  0%| F|  |TAMS 0x0000000085300000| PB 0x0000000085300000| Untracked 
|  84|0x0000000085400000, 0x0000000085400000, 0x0000000085500000|  0%| F|  |TAMS 0x0000000085400000| PB 0x0000000085400000| Untracked 
|  85|0x0000000085500000, 0x0000000085500000, 0x0000000085600000|  0%| F|  |TAMS 0x0000000085500000| PB 0x0000000085500000| Untracked 
|  86|0x0000000085600000, 0x0000000085600000, 0x0000000085700000|  0%| F|  |TAMS 0x0000000085600000| PB 0x0000000085600000| Untracked 
|  87|0x0000000085700000, 0x0000000085700000, 0x0000000085800000|  0%| F|  |TAMS 0x0000000085700000| PB 0x0000000085700000| Untracked 
|  88|0x0000000085800000, 0x0000000085800000, 0x0000000085900000|  0%| F|  |TAMS 0x0000000085800000| PB 0x0000000085800000| Untracked 
|  89|0x0000000085900000, 0x0000000085900000, 0x0000000085a00000|  0%| F|  |TAMS 0x0000000085900000| PB 0x0000000085900000| Untracked 
|  90|0x0000000085a00000, 0x0000000085a00000, 0x0000000085b00000|  0%| F|  |TAMS 0x0000000085a00000| PB 0x0000000085a00000| Untracked 
|  91|0x0000000085b00000, 0x0000000085b00000, 0x0000000085c00000|  0%| F|  |TAMS 0x0000000085b00000| PB 0x0000000085b00000| Untracked 
|  92|0x0000000085c00000, 0x0000000085c00000, 0x0000000085d00000|  0%| F|  |TAMS 0x0000000085c00000| PB 0x0000000085c00000| Untracked 
|  93|0x0000000085d00000, 0x0000000085d00000, 0x0000000085e00000|  0%| F|  |TAMS 0x0000000085d00000| PB 0x0000000085d00000| Untracked 
|  94|0x0000000085e00000, 0x0000000085e00000, 0x0000000085f00000|  0%| F|  |TAMS 0x0000000085e00000| PB 0x0000000085e00000| Untracked 
|  95|0x0000000085f00000, 0x0000000085f00000, 0x0000000086000000|  0%| F|  |TAMS 0x0000000085f00000| PB 0x0000000085f00000| Untracked 
|  96|0x0000000086000000, 0x0000000086000000, 0x0000000086100000|  0%| F|  |TAMS 0x0000000086000000| PB 0x0000000086000000| Untracked 
|  97|0x0000000086100000, 0x0000000086100000, 0x0000000086200000|  0%| F|  |TAMS 0x0000000086100000| PB 0x0000000086100000| Untracked 
|  98|0x0000000086200000, 0x0000000086200000, 0x0000000086300000|  0%| F|  |TAMS 0x0000000086200000| PB 0x0000000086200000| Untracked 
|  99|0x0000000086300000, 0x0000000086300000, 0x0000000086400000|  0%| F|  |TAMS 0x0000000086300000| PB 0x0000000086300000| Untracked 
| 100|0x0000000086400000, 0x0000000086400000, 0x0000000086500000|  0%| F|  |TAMS 0x0000000086400000| PB 0x0000000086400000| Untracked 
| 101|0x0000000086500000, 0x0000000086500000, 0x0000000086600000|  0%| F|  |TAMS 0x0000000086500000| PB 0x0000000086500000| Untracked 
| 102|0x0000000086600000, 0x0000000086600000, 0x0000000086700000|  0%| F|  |TAMS 0x0000000086600000| PB 0x0000000086600000| Untracked 
| 103|0x0000000086700000, 0x0000000086700000, 0x0000000086800000|  0%| F|  |TAMS 0x0000000086700000| PB 0x0000000086700000| Untracked 
| 104|0x0000000086800000, 0x0000000086800000, 0x0000000086900000|  0%| F|  |TAMS 0x0000000086800000| PB 0x0000000086800000| Untracked 
| 105|0x0000000086900000, 0x0000000086900000, 0x0000000086a00000|  0%| F|  |TAMS 0x0000000086900000| PB 0x0000000086900000| Untracked 
| 106|0x0000000086a00000, 0x0000000086a00000, 0x0000000086b00000|  0%| F|  |TAMS 0x0000000086a00000| PB 0x0000000086a00000| Untracked 
| 107|0x0000000086b00000, 0x0000000086b00000, 0x0000000086c00000|  0%| F|  |TAMS 0x0000000086b00000| PB 0x0000000086b00000| Untracked 
| 108|0x0000000086c00000, 0x0000000086c00000, 0x0000000086d00000|  0%| F|  |TAMS 0x0000000086c00000| PB 0x0000000086c00000| Untracked 
| 109|0x0000000086d00000, 0x0000000086d00000, 0x0000000086e00000|  0%| F|  |TAMS 0x0000000086d00000| PB 0x0000000086d00000| Untracked 
| 110|0x0000000086e00000, 0x0000000086f00000, 0x0000000086f00000|100%| S|CS|TAMS 0x0000000086e00000| PB 0x0000000086e00000| Complete 
| 111|0x0000000086f00000, 0x0000000087000000, 0x0000000087000000|100%| S|CS|TAMS 0x0000000086f00000| PB 0x0000000086f00000| Complete 
| 112|0x0000000087000000, 0x0000000087000000, 0x0000000087100000|  0%| F|  |TAMS 0x0000000087000000| PB 0x0000000087000000| Untracked 
| 113|0x0000000087100000, 0x0000000087100000, 0x0000000087200000|  0%| F|  |TAMS 0x0000000087100000| PB 0x0000000087100000| Untracked 
| 114|0x0000000087200000, 0x0000000087200000, 0x0000000087300000|  0%| F|  |TAMS 0x0000000087200000| PB 0x0000000087200000| Untracked 
| 115|0x0000000087300000, 0x000000008737dc18, 0x0000000087400000| 49%| E|  |TAMS 0x0000000087300000| PB 0x0000000087300000| Complete 
| 116|0x0000000087400000, 0x0000000087500000, 0x0000000087500000|100%| E|CS|TAMS 0x0000000087400000| PB 0x0000000087400000| Complete 
| 117|0x0000000087500000, 0x0000000087600000, 0x0000000087600000|100%| E|CS|TAMS 0x0000000087500000| PB 0x0000000087500000| Complete 
| 118|0x0000000087600000, 0x0000000087700000, 0x0000000087700000|100%| E|CS|TAMS 0x0000000087600000| PB 0x0000000087600000| Complete 
| 119|0x0000000087700000, 0x0000000087800000, 0x0000000087800000|100%| E|CS|TAMS 0x0000000087700000| PB 0x0000000087700000| Complete 
| 120|0x0000000087800000, 0x0000000087900000, 0x0000000087900000|100%| E|CS|TAMS 0x0000000087800000| PB 0x0000000087800000| Complete 
| 121|0x0000000087900000, 0x0000000087a00000, 0x0000000087a00000|100%| E|CS|TAMS 0x0000000087900000| PB 0x0000000087900000| Complete 
| 122|0x0000000087a00000, 0x0000000087b00000, 0x0000000087b00000|100%| E|CS|TAMS 0x0000000087a00000| PB 0x0000000087a00000| Complete 
| 123|0x0000000087b00000, 0x0000000087c00000, 0x0000000087c00000|100%| E|CS|TAMS 0x0000000087b00000| PB 0x0000000087b00000| Complete 
| 124|0x0000000087c00000, 0x0000000087d00000, 0x0000000087d00000|100%| E|CS|TAMS 0x0000000087c00000| PB 0x0000000087c00000| Complete 
| 125|0x0000000087d00000, 0x0000000087e00000, 0x0000000087e00000|100%| E|CS|TAMS 0x0000000087d00000| PB 0x0000000087d00000| Complete 
| 126|0x0000000087e00000, 0x0000000087f00000, 0x0000000087f00000|100%| E|  |TAMS 0x0000000087e00000| PB 0x0000000087e00000| Complete 
| 127|0x0000000087f00000, 0x0000000088000000, 0x0000000088000000|100%| E|CS|TAMS 0x0000000087f00000| PB 0x0000000087f00000| Complete 

Card table byte_map: [0x000001b4cd550000,0x000001b4cd950000] _byte_map_base: 0x000001b4cd150000

Marking Bits: (CMBitMap*) 0x000001b4ba214370
 Bits: [0x000001b4cd950000, 0x000001b4cf950000)

Polling page: 0x000001b4b82c0000

Metaspace:

Usage:
  Non-class:     11.15 MB used.
      Class:      1.47 MB used.
       Both:     12.62 MB used.

Virtual space:
  Non-class space:       64.00 MB reserved,      11.44 MB ( 18%) committed,  1 nodes.
      Class space:        1.00 GB reserved,       1.69 MB ( <1%) committed,  1 nodes.
             Both:        1.06 GB reserved,      13.12 MB (  1%) committed. 

Chunk freelists:
   Non-Class:  4.42 MB
       Class:  14.29 MB
        Both:  18.71 MB

MaxMetaspaceSize: unlimited
CompressedClassSpaceSize: 1.00 GB
Initial GC threshold: 21.00 MB
Current GC threshold: 21.00 MB
CDS: on
 - commit_granule_bytes: 65536.
 - commit_granule_words: 8192.
 - virtual_space_node_default_size: 8388608.
 - enlarge_chunks_in_place: 1.
 - use_allocation_guard: 0.


Internal statistics:

num_allocs_failed_limit: 0.
num_arena_births: 592.
num_arena_deaths: 0.
num_vsnodes_births: 2.
num_vsnodes_deaths: 0.
num_space_committed: 210.
num_space_uncommitted: 0.
num_chunks_returned_to_freelist: 0.
num_chunks_taken_from_freelist: 1030.
num_chunk_merges: 0.
num_chunk_splits: 618.
num_chunks_enlarged: 263.
num_inconsistent_stats: 0.

CodeHeap 'non-profiled nmethods': size=120000Kb used=916Kb max_used=916Kb free=119083Kb
 bounds [0x000001b4c5c20000, 0x000001b4c5e90000, 0x000001b4cd150000]
CodeHeap 'profiled nmethods': size=120000Kb used=4539Kb max_used=4539Kb free=115460Kb
 bounds [0x000001b4be150000, 0x000001b4be5c0000, 0x000001b4c5680000]
CodeHeap 'non-nmethods': size=5760Kb used=1593Kb max_used=1638Kb free=4166Kb
 bounds [0x000001b4c5680000, 0x000001b4c58f0000, 0x000001b4c5c20000]
 total_blobs=2873 nmethods=2346 adapters=431
 compilation: enabled
              stopped_count=0, restarted_count=0
 full_count=0

Compilation events (20 events):
Event: 9.339 Thread 0x000001b4d1e5bdc0 2324   !   3       java.io.ObjectInputStream::readNonProxyDesc (316 bytes)
Event: 9.339 Thread 0x000001b51807bfd0 2327       4       java.lang.reflect.Method::copy (84 bytes)
Event: 9.341 Thread 0x000001b4d1e5bdc0 nmethod 2324 0x000001b4be5a6690 code [0x000001b4be5a6b80, 0x000001b4be5a8be0]
Event: 9.341 Thread 0x000001b4d1e5bdc0 2322       3       java.lang.String::valueOf (39 bytes)
Event: 9.342 Thread 0x000001b4d1e5bdc0 nmethod 2322 0x000001b4be5a9e90 code [0x000001b4be5aa080, 0x000001b4be5aa770]
Event: 9.342 Thread 0x000001b4d1e5bdc0 2323       3       java.lang.StringLatin1::toBytes (9 bytes)
Event: 9.342 Thread 0x000001b4d1e5bdc0 nmethod 2323 0x000001b4be5aa990 code [0x000001b4be5aab20, 0x000001b4be5aaca8]
Event: 9.342 Thread 0x000001b51807bfd0 nmethod 2327 0x000001b4c5d02e90 code [0x000001b4c5d03020, 0x000001b4c5d03348]
Event: 9.344 Thread 0x000001b51807bfd0 2328       4       java.io.ObjectOutputStream$BlockDataOutputStream::writeBytes (144 bytes)
Event: 9.361 Thread 0x000001b51807bfd0 nmethod 2328 0x000001b4c5d03410 code [0x000001b4c5d035e0, 0x000001b4c5d03d18]
Event: 9.361 Thread 0x000001b51807bfd0 2329       4       java.io.ObjectOutputStream$BlockDataOutputStream::getUTFLength (124 bytes)
Event: 9.367 Thread 0x000001b51807bfd0 nmethod 2329 0x000001b4c5d04210 code [0x000001b4c5d043c0, 0x000001b4c5d04a50]
Event: 9.388 Thread 0x000001b4d1e5bdc0 2330       3       java.io.FilterOutputStream::write (9 bytes)
Event: 9.388 Thread 0x000001b4d1e5bdc0 nmethod 2330 0x000001b4be5aad90 code [0x000001b4be5aaf40, 0x000001b4be5ab120]
Event: 9.446 Thread 0x000001b4d1e5bdc0 2332       3       sun.rmi.transport.ConnectionInputStream::registerRefs (71 bytes)
Event: 9.448 Thread 0x000001b4d1e5bdc0 nmethod 2332 0x000001b4be5ab210 code [0x000001b4be5ab4a0, 0x000001b4be5ac0c0]
Event: 9.448 Thread 0x000001b4d1e5bdc0 2331       3       sun.rmi.server.MarshalInputStream::done (53 bytes)
Event: 9.448 Thread 0x000001b4d1e5bdc0 nmethod 2331 0x000001b4be5ac390 code [0x000001b4be5ac5c0, 0x000001b4be5acd30]
Event: 9.448 Thread 0x000001b4d1e5bdc0 2333   !   3       sun.rmi.transport.ConnectionInputStream::done (145 bytes)
Event: 9.462 Thread 0x000001b4d1e5bdc0 nmethod 2333 0x000001b4be5acf10 code [0x000001b4be5ad420, 0x000001b4be5b0390]

GC Heap History (4 events):
Event: 2.331 GC heap before
{Heap before GC invocations=0 (full 0):
 garbage-first heap   total 131072K, used 16384K [0x0000000080000000, 0x0000000100000000)
  region size 1024K, 13 young (13312K), 0 survivors (0K)
 Metaspace       used 4178K, committed 4416K, reserved 1114112K
  class space    used 528K, committed 640K, reserved 1048576K
}
Event: 2.353 GC heap after
{Heap after GC invocations=1 (full 0):
 garbage-first heap   total 131072K, used 7973K [0x0000000080000000, 0x0000000100000000)
  region size 1024K, 2 young (2048K), 2 survivors (2048K)
 Metaspace       used 4178K, committed 4416K, reserved 1114112K
  class space    used 528K, committed 640K, reserved 1048576K
}
Event: 5.635 GC heap before
{Heap before GC invocations=1 (full 0):
 garbage-first heap   total 131072K, used 21285K [0x0000000080000000, 0x0000000100000000)
  region size 1024K, 16 young (16384K), 2 survivors (2048K)
 Metaspace       used 10473K, committed 10816K, reserved 1114112K
  class space    used 1297K, committed 1472K, reserved 1048576K
}
Event: 5.643 GC heap after
{Heap after GC invocations=2 (full 0):
 garbage-first heap   total 131072K, used 10823K [0x0000000080000000, 0x0000000100000000)
  region size 1024K, 2 young (2048K), 2 survivors (2048K)
 Metaspace       used 10473K, committed 10816K, reserved 1114112K
  class space    used 1297K, committed 1472K, reserved 1048576K
}

Dll operation events (2 events):
Event: 0.037 Loaded shared library C:\Program Files\JetBrains\IntelliJ IDEA 2024.3.2.2\jbr\bin\java.dll
Event: 0.233 Loaded shared library C:\Program Files\JetBrains\IntelliJ IDEA 2024.3.2.2\jbr\bin\zip.dll

Deoptimization events (20 events):
Event: 6.405 Thread 0x000001b517698470 DEOPT PACKING pc=0x000001b4be2be57d sp=0x0000009dc87fe000
Event: 6.405 Thread 0x000001b517698470 DEOPT UNPACKING pc=0x000001b4c56d88e2 sp=0x0000009dc87fd498 mode 0
Event: 8.965 Thread 0x000001b517698470 Uncommon trap: trap_request=0xffffff6e fr.pc=0x000001b4c5cbab44 relative=0x0000000000000404
Event: 8.965 Thread 0x000001b517698470 Uncommon trap: reason=loop_limit_check action=maybe_recompile pc=0x000001b4c5cbab44 method=java.lang.StringLatin1.indexOf([BI[BII)I @ 37 c2
Event: 8.965 Thread 0x000001b517698470 DEOPT PACKING pc=0x000001b4c5cbab44 sp=0x0000009dc87fe2e0
Event: 8.965 Thread 0x000001b517698470 DEOPT UNPACKING pc=0x000001b4c56d7da2 sp=0x0000009dc87fe268 mode 2
Event: 9.058 Thread 0x000001b517698470 DEOPT PACKING pc=0x000001b4be414b3b sp=0x0000009dc87fdac0
Event: 9.058 Thread 0x000001b517698470 DEOPT UNPACKING pc=0x000001b4c56d88e2 sp=0x0000009dc87fcf90 mode 0
Event: 9.061 Thread 0x000001b517698470 Uncommon trap: trap_request=0xffffff45 fr.pc=0x000001b4c5cb6f5c relative=0x0000000000001d1c
Event: 9.061 Thread 0x000001b517698470 Uncommon trap: reason=unstable_if action=reinterpret pc=0x000001b4c5cb6f5c method=com.sun.crypto.provider.PBKDF2KeyImpl.deriveKey(Ljavax/crypto/Mac;[B[BII)[B @ 179 c2
Event: 9.061 Thread 0x000001b517698470 DEOPT PACKING pc=0x000001b4c5cb6f5c sp=0x0000009dc87fda90
Event: 9.061 Thread 0x000001b517698470 DEOPT UNPACKING pc=0x000001b4c56d7da2 sp=0x0000009dc87fda90 mode 2
Event: 9.111 Thread 0x000001b517698470 Uncommon trap: trap_request=0xffffffde fr.pc=0x000001b4c5c9e9e4 relative=0x0000000000000304
Event: 9.112 Thread 0x000001b517698470 Uncommon trap: reason=class_check action=maybe_recompile pc=0x000001b4c5c9e9e4 method=java.util.regex.Pattern$BmpCharPropertyGreedy.match(Ljava/util/regex/Matcher;ILjava/lang/CharSequence;)Z @ 26 c2
Event: 9.112 Thread 0x000001b517698470 DEOPT PACKING pc=0x000001b4c5c9e9e4 sp=0x0000009dc87fe140
Event: 9.112 Thread 0x000001b517698470 DEOPT UNPACKING pc=0x000001b4c56d7da2 sp=0x0000009dc87fe0f8 mode 2
Event: 9.112 Thread 0x000001b517698470 Uncommon trap: trap_request=0xffffffde fr.pc=0x000001b4c5c9e9e4 relative=0x0000000000000304
Event: 9.112 Thread 0x000001b517698470 Uncommon trap: reason=class_check action=maybe_recompile pc=0x000001b4c5c9e9e4 method=java.util.regex.Pattern$BmpCharPropertyGreedy.match(Ljava/util/regex/Matcher;ILjava/lang/CharSequence;)Z @ 26 c2
Event: 9.112 Thread 0x000001b517698470 DEOPT PACKING pc=0x000001b4c5c9e9e4 sp=0x0000009dc87fdf30
Event: 9.112 Thread 0x000001b517698470 DEOPT UNPACKING pc=0x000001b4c56d7da2 sp=0x0000009dc87fdee8 mode 2

Classes loaded (20 events):
Event: 6.488 Loading class java/util/concurrent/LinkedBlockingQueue
Event: 6.489 Loading class java/util/concurrent/LinkedBlockingQueue done
Event: 6.489 Loading class java/util/concurrent/LinkedBlockingQueue$Node
Event: 6.489 Loading class java/util/concurrent/LinkedBlockingQueue$Node done
Event: 6.513 Loading class java/lang/AbstractMethodError
Event: 6.514 Loading class java/lang/AbstractMethodError done
Event: 6.527 Loading class java/lang/Byte$ByteCache
Event: 6.527 Loading class java/lang/Byte$ByteCache done
Event: 6.528 Loading class java/lang/Short$ShortCache
Event: 6.531 Loading class java/lang/Short$ShortCache done
Event: 6.533 Loading class java/util/regex/Pattern$LookBehindEndNode
Event: 6.533 Loading class java/util/regex/Pattern$LookBehindEndNode done
Event: 6.533 Loading class java/util/regex/Pattern$Behind
Event: 6.535 Loading class java/util/regex/Pattern$Behind done
Event: 6.535 Loading class java/util/regex/Pattern$Neg
Event: 6.535 Loading class java/util/regex/Pattern$Neg done
Event: 6.535 Loading class java/util/regex/Pattern$NotBehind
Event: 6.535 Loading class java/util/regex/Pattern$NotBehind done
Event: 6.535 Loading class java/util/regex/Pattern$Pos
Event: 6.535 Loading class java/util/regex/Pattern$Pos done

Classes unloaded (0 events):
No events

Classes redefined (0 events):
No events

Internal exceptions (20 events):
Event: 5.858 Thread 0x000001b517698470 Exception <a 'java/lang/NoSuchMethodError'{0x0000000087df5cb8}: 'void java.lang.invoke.DirectMethodHandle$Holder.invokeInterface(java.lang.Object, java.lang.Object, java.lang.Object, java.lang.Object)'> (0x0000000087df5cb8) 
thrown [s\src\hotspot\share\interpreter\linkResolver.cpp, line 784]
Event: 5.859 Thread 0x000001b517698470 Exception <a 'java/lang/NoSuchMethodError'{0x0000000087df9918}: 'void java.lang.invoke.DirectMethodHandle$Holder.invokeSpecial(java.lang.Object, java.lang.Object, java.lang.Object, java.lang.Object, java.lang.Object)'> (0x0000000087df9918) 
thrown [s\src\hotspot\share\interpreter\linkResolver.cpp, line 784]
Event: 5.934 Thread 0x000001b517698470 Exception <a 'java/lang/NoSuchMethodError'{0x0000000087c0de18}: 'int java.lang.invoke.DirectMethodHandle$Holder.invokeInterface(java.lang.Object, java.lang.Object)'> (0x0000000087c0de18) 
thrown [s\src\hotspot\share\interpreter\linkResolver.cpp, line 784]
Event: 6.102 Thread 0x000001b517698470 Exception <a 'java/lang/NoSuchMethodError'{0x0000000087b98cc8}: 'int java.lang.invoke.DirectMethodHandle$Holder.invokeInterface(java.lang.Object, java.lang.Object, int)'> (0x0000000087b98cc8) 
thrown [s\src\hotspot\share\interpreter\linkResolver.cpp, line 784]
Event: 6.104 Thread 0x000001b517698470 Exception <a 'java/lang/NoSuchMethodError'{0x0000000087b9d118}: 'int java.lang.invoke.DirectMethodHandle$Holder.invokeSpecial(java.lang.Object, java.lang.Object, java.lang.Object, int)'> (0x0000000087b9d118) 
thrown [s\src\hotspot\share\interpreter\linkResolver.cpp, line 784]
Event: 6.105 Thread 0x000001b517698470 Exception <a 'java/lang/NoSuchMethodError'{0x0000000087baf3b8}: 'java.lang.Object java.lang.invoke.DirectMethodHandle$Holder.invokeStatic(java.lang.Object, java.lang.Object, java.lang.Object, java.lang.Object, int)'> (0x0000000087baf3b8) 
thrown [s\src\hotspot\share\interpreter\linkResolver.cpp, line 784]
Event: 6.136 Thread 0x000001b517698470 Exception <a 'java/lang/NoSuchMethodError'{0x0000000087bda4c8}: 'void java.lang.invoke.DirectMethodHandle$Holder.invokeInterface(java.lang.Object, java.lang.Object, int)'> (0x0000000087bda4c8) 
thrown [s\src\hotspot\share\interpreter\linkResolver.cpp, line 784]
Event: 6.136 Thread 0x000001b517698470 Exception <a 'java/lang/NoSuchMethodError'{0x0000000087bde350}: 'void java.lang.invoke.DelegatingMethodHandle$Holder.reinvoke_L(java.lang.Object, java.lang.Object, int)'> (0x0000000087bde350) 
thrown [s\src\hotspot\share\interpreter\linkResolver.cpp, line 784]
Event: 6.420 Thread 0x000001b517698470 Exception <a 'java/lang/NoSuchMethodError'{0x00000000879dd570}: 'java.lang.Object java.lang.invoke.DirectMethodHandle$Holder.invokeInterface(java.lang.Object, java.lang.Object, int)'> (0x00000000879dd570) 
thrown [s\src\hotspot\share\interpreter\linkResolver.cpp, line 784]
Event: 6.432 Thread 0x000001b517698470 Exception <a 'java/lang/NoSuchMethodError'{0x0000000087830f98}: static [Ljava/lang/Object;.<clinit>()V> (0x0000000087830f98) 
thrown [s\src\hotspot\share\prims\jni.cpp, line 1135]
Event: 6.451 Thread 0x000001b517698470 Exception <a 'java/lang/NoSuchMethodError'{0x000000008783d110}: 'void java.lang.invoke.DirectMethodHandle$Holder.invokeInterface(java.lang.Object, java.lang.Object)'> (0x000000008783d110) 
thrown [s\src\hotspot\share\interpreter\linkResolver.cpp, line 784]
Event: 6.537 Thread 0x000001b517698470 Exception <a 'java/lang/NoSuchMethodError'{0x00000000877325d8}: static Lcom/intellij/database/remote/jdba/core/ConnectionInfo;.<clinit>()V> (0x00000000877325d8) 
thrown [s\src\hotspot\share\prims\jni.cpp, line 1135]
Event: 6.538 Thread 0x000001b517698470 Exception <a 'java/lang/NoSuchMethodError'{0x000000008773d100}: static Ljava/lang/Object;.<clinit>()V> (0x000000008773d100) 
thrown [s\src\hotspot\share\prims\jni.cpp, line 1135]
Event: 6.538 Thread 0x000001b517698470 Exception <a 'java/lang/NoSuchMethodError'{0x00000000877416e0}: static [I.<clinit>()V> (0x00000000877416e0) 
thrown [s\src\hotspot\share\prims\jni.cpp, line 1135]
Event: 6.635 Thread 0x000001b517698470 Exception <a 'java/lang/NoSuchMethodError'{0x0000000087765f18}: 'java.lang.Object java.lang.invoke.DirectMethodHandle$Holder.invokeInterface(java.lang.Object, java.lang.Object, java.lang.Object, java.lang.Object)'> (0x0000000087765f18) 
thrown [s\src\hotspot\share\interpreter\linkResolver.cpp, line 784]
Event: 6.727 Thread 0x000001b517698470 Exception <a 'java/lang/NoSuchMethodError'{0x000000008766b2d8}: static Lcom/intellij/database/remote/jdba/core/ResultLayout;.<clinit>()V> (0x000000008766b2d8) 
thrown [s\src\hotspot\share\prims\jni.cpp, line 1135]
Event: 6.728 Thread 0x000001b517698470 Exception <a 'java/lang/NoSuchMethodError'{0x0000000087678928}: static Lcom/intellij/database/remote/jdba/core/RowLayout;.<clinit>()V> (0x0000000087678928) 
thrown [s\src\hotspot\share\prims\jni.cpp, line 1135]
Event: 6.730 Thread 0x000001b517698470 Exception <a 'java/lang/NoSuchMethodError'{0x00000000876869e0}: static Lcom/intellij/database/remote/jdba/util/NameAndClass;.<clinit>()V> (0x00000000876869e0) 
thrown [s\src\hotspot\share\prims\jni.cpp, line 1135]
Event: 6.730 Thread 0x000001b517698470 Exception <a 'java/lang/NoSuchMethodError'{0x00000000876896f0}: 'java.lang.Object java.lang.invoke.DirectMethodHandle$Holder.invokeInterface(java.lang.Object, java.lang.Object, int, java.lang.Object)'> (0x00000000876896f0) 
thrown [s\src\hotspot\share\interpreter\linkResolver.cpp, line 784]
Event: 6.731 Thread 0x000001b517698470 Exception <a 'java/lang/NoSuchMethodError'{0x000000008768d890}: 'java.lang.Object java.lang.invoke.DirectMethodHandle$Holder.invokeSpecial(java.lang.Object, java.lang.Object, java.lang.Object, int, java.lang.Object)'> (0x000000008768d890) 
thrown [s\src\hotspot\share\interpreter\linkResolver.cpp, line 784]

ZGC Phase Switch (0 events):
No events

VM Operations (20 events):
Event: 4.953 Executing VM operation: HandshakeAllThreads (Deoptimize)
Event: 4.953 Executing VM operation: HandshakeAllThreads (Deoptimize) done
Event: 5.078 Executing VM operation: HandshakeAllThreads (Deoptimize)
Event: 5.078 Executing VM operation: HandshakeAllThreads (Deoptimize) done
Event: 5.120 Executing VM operation: HandshakeAllThreads (Deoptimize)
Event: 5.120 Executing VM operation: HandshakeAllThreads (Deoptimize) done
Event: 5.213 Executing VM operation: HandshakeAllThreads (Deoptimize)
Event: 5.213 Executing VM operation: HandshakeAllThreads (Deoptimize) done
Event: 5.520 Executing VM operation: HandshakeAllThreads (Deoptimize)
Event: 5.520 Executing VM operation: HandshakeAllThreads (Deoptimize) done
Event: 5.521 Executing VM operation: HandshakeAllThreads (Deoptimize)
Event: 5.521 Executing VM operation: HandshakeAllThreads (Deoptimize) done
Event: 5.635 Executing VM operation: G1CollectForAllocation (G1 Evacuation Pause)
Event: 5.643 Executing VM operation: G1CollectForAllocation (G1 Evacuation Pause) done
Event: 6.432 Executing VM operation: HandshakeAllThreads (Deoptimize)
Event: 6.432 Executing VM operation: HandshakeAllThreads (Deoptimize) done
Event: 7.432 Executing VM operation: Cleanup
Event: 7.432 Executing VM operation: Cleanup done
Event: 9.433 Executing VM operation: Cleanup
Event: 9.433 Executing VM operation: Cleanup done

Memory protections (0 events):
No events

Nmethod flushes (0 events):
No events

Events (20 events):
Event: 2.793 Thread 0x000001b4b8024ee0 Thread added: 0x000001b5174ce370
Event: 2.824 Thread 0x000001b4b8024ee0 Thread added: 0x000001b51765ba40
Event: 2.825 Thread 0x000001b4b8024ee0 Thread added: 0x000001b51765c0a0
Event: 2.839 Loaded shared library C:\Program Files\JetBrains\IntelliJ IDEA 2024.3.2.2\jbr\bin\rmi.dll
Event: 2.840 Thread 0x000001b4b8024ee0 Thread added: 0x000001b51767b200
Event: 2.938 Thread 0x000001b5174ce370 Thread added: 0x000001b517696a60
Event: 2.938 Thread 0x000001b5174ce370 Thread added: 0x000001b5179d2970
Event: 3.021 Thread 0x000001b5179d2970 Thread added: 0x000001b5176b04d0
Event: 3.109 Thread 0x000001b51765ba40 Thread added: 0x000001b517698470
Event: 3.111 Thread 0x000001b51765ba40 Thread added: 0x000001b51769cc00
Event: 3.560 Thread 0x000001b517698470 Thread added: 0x000001b51769ab30
Event: 4.305 Loaded shared library C:\Program Files\JetBrains\IntelliJ IDEA 2024.3.2.2\jbr\bin\management.dll
Event: 4.371 Loaded shared library C:\Program Files\JetBrains\IntelliJ IDEA 2024.3.2.2\jbr\bin\management_ext.dll
Event: 5.011 Loaded shared library C:\Program Files\JetBrains\IntelliJ IDEA 2024.3.2.2\jbr\bin\sunmscapi.dll
Event: 5.260 Thread 0x000001b4d1e5bdc0 Thread added: 0x000001b517a9b740
Event: 5.476 Thread 0x000001b517a9b740 Thread exited: 0x000001b517a9b740
Event: 5.671 Thread 0x000001b517698470 Thread added: 0x000001b51769d920
Event: 6.943 Thread 0x000001b4d1e5bdc0 Thread added: 0x000001b51807c6a0
Event: 7.071 Thread 0x000001b51807c6a0 Thread exited: 0x000001b51807c6a0
Event: 9.062 Thread 0x000001b4d1e5bdc0 Thread added: 0x000001b51807bfd0


Dynamic libraries:
0x00007ff77de20000 - 0x00007ff77de2a000 	C:\Program Files\JetBrains\IntelliJ IDEA 2024.3.2.2\jbr\bin\java.exe
0x00007ffd95880000 - 0x00007ffd95ae6000 	C:\WINDOWS\SYSTEM32\ntdll.dll
0x00007ffd945f0000 - 0x00007ffd946b9000 	C:\WINDOWS\System32\KERNEL32.DLL
0x00007ffd93040000 - 0x00007ffd9340c000 	C:\WINDOWS\System32\KERNELBASE.dll
0x00007ffd934f0000 - 0x00007ffd9363b000 	C:\WINDOWS\System32\ucrtbase.dll
0x00007ffd73840000 - 0x00007ffd73858000 	C:\Program Files\JetBrains\IntelliJ IDEA 2024.3.2.2\jbr\bin\jli.dll
0x00007ffd94ab0000 - 0x00007ffd94c7a000 	C:\WINDOWS\System32\USER32.dll
0x00007ffd934c0000 - 0x00007ffd934e7000 	C:\WINDOWS\System32\win32u.dll
0x00007ffd94860000 - 0x00007ffd9488b000 	C:\WINDOWS\System32\GDI32.dll
0x00007ffd92a10000 - 0x00007ffd92b42000 	C:\WINDOWS\System32\gdi32full.dll
0x00007ffd93410000 - 0x00007ffd934b3000 	C:\WINDOWS\System32\msvcp_win.dll
0x00007ffd87730000 - 0x00007ffd8774b000 	C:\Program Files\JetBrains\IntelliJ IDEA 2024.3.2.2\jbr\bin\VCRUNTIME140.dll
0x00007ffd79860000 - 0x00007ffd79afa000 	C:\WINDOWS\WinSxS\amd64_microsoft.windows.common-controls_6595b64144ccf1df_6.0.26100.3912_none_3e07963ce335137e\COMCTL32.dll
0x00007ffd93740000 - 0x00007ffd937e9000 	C:\WINDOWS\System32\msvcrt.dll
0x00007ffd95240000 - 0x00007ffd95270000 	C:\WINDOWS\System32\IMM32.DLL
0x00007ffd8c4b0000 - 0x00007ffd8c4bc000 	C:\Program Files\JetBrains\IntelliJ IDEA 2024.3.2.2\jbr\bin\vcruntime140_1.dll
0x00007ffd71be0000 - 0x00007ffd71c6d000 	C:\Program Files\JetBrains\IntelliJ IDEA 2024.3.2.2\jbr\bin\msvcp140.dll
0x00007ffd298a0000 - 0x00007ffd2a661000 	C:\Program Files\JetBrains\IntelliJ IDEA 2024.3.2.2\jbr\bin\server\jvm.dll
0x00007ffd94c90000 - 0x00007ffd94d42000 	C:\WINDOWS\System32\ADVAPI32.dll
0x00007ffd95380000 - 0x00007ffd95426000 	C:\WINDOWS\System32\sechost.dll
0x00007ffd95710000 - 0x00007ffd95826000 	C:\WINDOWS\System32\RPCRT4.dll
0x00007ffd95430000 - 0x00007ffd954a4000 	C:\WINDOWS\System32\WS2_32.dll
0x00007ffd92880000 - 0x00007ffd928de000 	C:\WINDOWS\SYSTEM32\POWRPROF.dll
0x00007ffd87750000 - 0x00007ffd8775b000 	C:\WINDOWS\SYSTEM32\VERSION.dll
0x00007ffd79ba0000 - 0x00007ffd79bd6000 	C:\WINDOWS\SYSTEM32\WINMM.dll
0x00007ffd92860000 - 0x00007ffd92874000 	C:\WINDOWS\SYSTEM32\UMPDC.dll
0x00007ffd91790000 - 0x00007ffd917aa000 	C:\WINDOWS\SYSTEM32\kernel.appcore.dll
0x00007ffd8c450000 - 0x00007ffd8c45a000 	C:\Program Files\JetBrains\IntelliJ IDEA 2024.3.2.2\jbr\bin\jimage.dll
0x00007ffd90320000 - 0x00007ffd90561000 	C:\WINDOWS\SYSTEM32\DBGHELP.DLL
0x00007ffd94260000 - 0x00007ffd945e4000 	C:\WINDOWS\System32\combase.dll
0x00007ffd946f0000 - 0x00007ffd947d0000 	C:\WINDOWS\System32\OLEAUT32.dll
0x00007ffd76480000 - 0x00007ffd764b9000 	C:\WINDOWS\SYSTEM32\dbgcore.DLL
0x00007ffd92fa0000 - 0x00007ffd93039000 	C:\WINDOWS\System32\bcryptPrimitives.dll
0x00007ffd86fc0000 - 0x00007ffd86fe0000 	C:\Program Files\JetBrains\IntelliJ IDEA 2024.3.2.2\jbr\bin\java.dll
0x00007ffd93a20000 - 0x00007ffd9414d000 	C:\WINDOWS\System32\SHELL32.dll
0x00007ffd92e20000 - 0x00007ffd92f94000 	C:\WINDOWS\System32\wintypes.dll
0x00007ffd90660000 - 0x00007ffd90eb6000 	C:\WINDOWS\SYSTEM32\windows.storage.dll
0x00007ffd93640000 - 0x00007ffd9372f000 	C:\WINDOWS\System32\SHCORE.dll
0x00007ffd94890000 - 0x00007ffd948f9000 	C:\WINDOWS\System32\shlwapi.dll
0x00007ffd92920000 - 0x00007ffd9294f000 	C:\WINDOWS\SYSTEM32\profapi.dll
0x00007ffd85cb0000 - 0x00007ffd85cc8000 	C:\Program Files\JetBrains\IntelliJ IDEA 2024.3.2.2\jbr\bin\zip.dll
0x00007ffd89c80000 - 0x00007ffd89c90000 	C:\Program Files\JetBrains\IntelliJ IDEA 2024.3.2.2\jbr\bin\net.dll
0x00007ffd8b390000 - 0x00007ffd8b4ae000 	C:\WINDOWS\SYSTEM32\WINHTTP.dll
0x00007ffd91ce0000 - 0x00007ffd91d4a000 	C:\WINDOWS\system32\mswsock.dll
0x00007ffd83d60000 - 0x00007ffd83d76000 	C:\Program Files\JetBrains\IntelliJ IDEA 2024.3.2.2\jbr\bin\nio.dll
0x00007ffd911b0000 - 0x00007ffd911e3000 	C:\WINDOWS\SYSTEM32\IPHLPAPI.DLL
0x00007ffd94da0000 - 0x00007ffd94daa000 	C:\WINDOWS\System32\NSI.dll
0x00007ffd920a0000 - 0x00007ffd920bc000 	C:\WINDOWS\SYSTEM32\CRYPTSP.dll
0x00007ffd916f0000 - 0x00007ffd9172a000 	C:\WINDOWS\system32\rsaenh.dll
0x00007ffd91d80000 - 0x00007ffd91dab000 	C:\WINDOWS\SYSTEM32\USERENV.dll
0x00007ffd928f0000 - 0x00007ffd92916000 	C:\WINDOWS\SYSTEM32\bcrypt.dll
0x00007ffd91f10000 - 0x00007ffd91f1c000 	C:\WINDOWS\SYSTEM32\CRYPTBASE.dll
0x00007ffd83cb0000 - 0x00007ffd83cb9000 	C:\Program Files\JetBrains\IntelliJ IDEA 2024.3.2.2\jbr\bin\extnet.dll
0x00007ffd73020000 - 0x00007ffd73027000 	C:\Program Files\JetBrains\IntelliJ IDEA 2024.3.2.2\jbr\bin\rmi.dll
0x00007ffd911f0000 - 0x00007ffd91317000 	C:\WINDOWS\SYSTEM32\DNSAPI.dll
0x00007ffd86180000 - 0x00007ffd8618b000 	C:\Windows\System32\rasadhlp.dll
0x00007ffd87a10000 - 0x00007ffd87a96000 	C:\WINDOWS\System32\fwpuclnt.dll
0x00007ffd83ca0000 - 0x00007ffd83ca9000 	C:\Program Files\JetBrains\IntelliJ IDEA 2024.3.2.2\jbr\bin\management.dll
0x00007ffd83c90000 - 0x00007ffd83c9b000 	C:\Program Files\JetBrains\IntelliJ IDEA 2024.3.2.2\jbr\bin\management_ext.dll
0x00007ffd95830000 - 0x00007ffd95838000 	C:\WINDOWS\System32\PSAPI.DLL
0x00007ffd86fb0000 - 0x00007ffd86fbe000 	C:\Program Files\JetBrains\IntelliJ IDEA 2024.3.2.2\jbr\bin\sunmscapi.dll
0x00007ffd92be0000 - 0x00007ffd92d57000 	C:\WINDOWS\System32\CRYPT32.dll
0x00007ffd921f0000 - 0x00007ffd92220000 	C:\WINDOWS\SYSTEM32\ncrypt.dll
0x00007ffd921a0000 - 0x00007ffd921df000 	C:\WINDOWS\SYSTEM32\NTASN1.dll

dbghelp: loaded successfully - version: 4.0.5 - missing functions: none
symbol engine: initialized successfully - sym options: 0x614 - pdb path: .;C:\Program Files\JetBrains\IntelliJ IDEA 2024.3.2.2\jbr\bin;C:\WINDOWS\SYSTEM32;C:\WINDOWS\WinSxS\amd64_microsoft.windows.common-controls_6595b64144ccf1df_6.0.26100.3912_none_3e07963ce335137e;C:\Program Files\JetBrains\IntelliJ IDEA 2024.3.2.2\jbr\bin\server

VM Arguments:
jvm_args: -Djava.rmi.server.hostname=127.0.0.1 -Duser.timezone=UTC -Xmx2048m -Xms128m -Djdbc.classpath=C:\Users\nesi\AppData\Local\Temp\RemoteDriver7.classpath.txt --add-exports=java.desktop/sun.awt=ALL-UNNAMED --add-exports=java.desktop/java.awt.peer=ALL-UNNAMED --add-opens=java.desktop/java.awt=ALL-UNNAMED --add-opens=jdk.unsupported/sun.misc=ALL-UNNAMED --add-opens=java.base/java.nio=ALL-UNNAMED --add-opens=java.base/java.util=ALL-UNNAMED -Dfile.encoding=UTF-8 -Dsun.stdout.encoding=UTF-8 -Dsun.stderr.encoding=UTF-8 
java_command: com.intellij.database.remote.RemoteJdbcServer org.postgresql.Driver
java_class_path (initial): C:\Program Files\JetBrains\IntelliJ IDEA 2024.3.2.2\lib\util_rt.jar;C:\Program Files\JetBrains\IntelliJ IDEA 2024.3.2.2\lib\util-8.jar;C:\Program Files\JetBrains\IntelliJ IDEA 2024.3.2.2\lib\groovy.jar;C:\Program Files\JetBrains\IntelliJ IDEA 2024.3.2.2\plugins\DatabaseTools\lib\jdbc-console.jar;C:\Program Files\JetBrains\IntelliJ IDEA 2024.3.2.2\plugins\grid-core-impl\lib\jdbc-console-types.jar;C:\Program Files\JetBrains\IntelliJ IDEA 2024.3.2.2\lib\util.jar;C:\Program Files\JetBrains\IntelliJ IDEA 2024.3.2.2\lib\bouncy-castle.jar
Launcher Type: SUN_STANDARD

[Global flags]
     intx CICompilerCount                          = 3                                         {product} {ergonomic}
     uint ConcGCThreads                            = 1                                         {product} {ergonomic}
     uint G1ConcRefinementThreads                  = 4                                         {product} {ergonomic}
   size_t G1HeapRegionSize                         = 1048576                                   {product} {ergonomic}
    uintx GCDrainStackTargetSize                   = 64                                        {product} {ergonomic}
   size_t InitialHeapSize                          = 134217728                                 {product} {command line}
   size_t MarkStackSize                            = 4194304                                   {product} {ergonomic}
   size_t MaxHeapSize                              = 2147483648                                {product} {command line}
   size_t MaxNewSize                               = 1287651328                                {product} {ergonomic}
   size_t MinHeapDeltaBytes                        = 1048576                                   {product} {ergonomic}
   size_t MinHeapSize                              = 134217728                                 {product} {command line}
    uintx NonNMethodCodeHeapSize                   = 5832780                                {pd product} {ergonomic}
    uintx NonProfiledCodeHeapSize                  = 122912730                              {pd product} {ergonomic}
    uintx ProfiledCodeHeapSize                     = 122912730                              {pd product} {ergonomic}
    uintx ReservedCodeCacheSize                    = 251658240                              {pd product} {ergonomic}
     bool SegmentedCodeCache                       = true                                      {product} {ergonomic}
   size_t SoftMaxHeapSize                          = 2147483648                             {manageable} {ergonomic}
     bool UseCompressedOops                        = true                           {product lp64_product} {ergonomic}
     bool UseG1GC                                  = true                                      {product} {ergonomic}
     bool UseLargePagesIndividualAllocation        = false                                  {pd product} {ergonomic}

Logging:
Log output configuration:
 #0: stdout all=warning uptime,level,tags foldmultilines=false
 #1: stderr all=off uptime,level,tags foldmultilines=false

Environment Variables:
PATH=C:\WINDOWS\system32;C:\WINDOWS;C:\WINDOWS\System32\Wbem;C:\WINDOWS\System32\WindowsPowerShell\v1.0\;C:\WINDOWS\System32\OpenSSH\;C:\Program Files (x86)\Microsoft SQL Server\160\Tools\Binn\;C:\Program Files\Microsoft SQL Server\160\Tools\Binn\;C:\Program Files\Microsoft SQL Server\Client SDK\ODBC\170\Tools\Binn\;C:\Program Files\Microsoft SQL Server\160\DTS\Binn\;C:\Program Files (x86)\Microsoft SQL Server\160\DTS\Binn\;C:\Program Files\php8;C:\Program Files\Git\cmd;C:\Program Files\nodejs\;C:\Program Files\Docker\Docker\resources\bin;C:\Users\nesi\AppData\Local\Microsoft\WindowsApps;C:\Users\nesi\AppData\Local\Programs\Microsoft VS Code\bin;;C:\Program Files\JetBrains\IntelliJ IDEA 2024.3.2.2\bin;;C:\Users\nesi\AppData\Roaming\npm
USERNAME=nesi
OS=Windows_NT
PROCESSOR_IDENTIFIER=Intel64 Family 6 Model 126 Stepping 5, GenuineIntel
TMP=C:\Users\nesi\AppData\Local\Temp
TEMP=C:\Users\nesi\AppData\Local\Temp




Periodic native trim disabled

JNI global refs:
JNI global refs: 17, weak refs: 0

JNI global refs memory usage: 835, weak refs: 201

Process memory usage:
Resident Set Size: 121280K (3% of 3930488K total physical memory with 628804K free physical memory)

OOME stack traces (most recent first):
Classloader memory used:
Loader bootstrap                                                                       : 7289K
Loader jdk.internal.loader.ClassLoaders$AppClassLoader                                 : 3338K
Loader com.intellij.database.remote.jdbc.impl.JdbcClassLoader$JdbcClassLoaderImpl      : 1698K
Loader jdk.internal.loader.ClassLoaders$PlatformClassLoader                            : 453K
Loader jdk.internal.reflect.DelegatingClassLoader                                      : 137K
Loader com.intellij.database.remote.jdbc.impl.JdbcClassLoader$1                        : 6904B

---------------  S Y S T E M  ---------------

OS:
 Windows 11 , 64 bit Build 26100 (10.0.26100.3912)
OS uptime: 1 days 23:27 hours
Hyper-V role detected

CPU: total 4 (initial active 4) (2 cores per cpu, 2 threads per core) family 6 model 126 stepping 5 microcode 0x86, cx8, cmov, fxsr, ht, mmx, 3dnowpref, sse, sse2, sse3, ssse3, sse4.1, sse4.2, popcnt, lzcnt, tsc, tscinvbit, avx, avx2, aes, erms, clmul, bmi1, bmi2, adx, avx512f, avx512dq, avx512cd, avx512bw, avx512vl, sha, fma, vzeroupper, avx512_vpopcntdq, avx512_vpclmulqdq, avx512_vaes, avx512_vnni, clflush, clflushopt, avx512_vbmi2, avx512_vbmi, hv, rdtscp, rdpid, fsrm, gfni, avx512_bitalg, f16c, avx512_ifma
Processor Information for all 4 processors :
  Max Mhz: 1190, Current Mhz: 1190, Mhz Limit: 1190

Memory: 4k page, system-wide physical 3838M (614M free)
TotalPageFile size 15614M (AvailPageFile size 7M)
current process WorkingSet (physical memory assigned to process): 118M, peak: 122M
current process commit charge ("private bytes"): 249M, peak: 252M

vm_info: OpenJDK 64-Bit Server VM (21.0.5+8-b631.30) for windows-amd64 JRE (21.0.5+8-b631.30), built on 2024-12-06 by "builduser" with MS VC++ 16.10 / 16.11 (VS2019)

END.
